c:\users\airat\labs\3 sem\lab2\lab_a\x64\debug\vc142.pdb
c:\users\airat\labs\3 sem\lab2\lab_a\x64\debug\vc142.idb
c:\users\airat\labs\3 sem\lab2\lab_a\x64\debug\x16.nativecodeanalysis.sarif
c:\users\airat\labs\3 sem\lab2\lab_a\x64\debug\x16.nativecodeanalysis.xml
c:\users\airat\labs\3 sem\lab2\lab_a\x64\debug\main.nativecodeanalysis.sarif
c:\users\airat\labs\3 sem\lab2\lab_a\x64\debug\main.nativecodeanalysis.xml
c:\users\airat\labs\3 sem\lab2\lab_a\x64\debug\functions.nativecodeanalysis.sarif
c:\users\airat\labs\3 sem\lab2\lab_a\x64\debug\functions.nativecodeanalysis.xml
c:\users\airat\labs\3 sem\lab2\lab_a\x64\debug\functions.obj
c:\users\airat\labs\3 sem\lab2\lab_a\x64\debug\main.obj
c:\users\airat\labs\3 sem\lab2\lab_a\x64\debug\x16.obj
c:\users\airat\labs\3 sem\lab2\lab_a\x64\debug\lab2_a.ilk
c:\users\airat\labs\3 sem\lab2\lab_a\x64\debug\lab2_a.exe
c:\users\airat\labs\3 sem\lab2\lab_a\x64\debug\lab2_a.pdb
c:\users\airat\labs\3 sem\lab2\lab_a\x64\debug\vc.nativecodeanalysis.all.xml
c:\users\airat\labs\3 sem\lab2\lab_a\x64\debug\lab2_a.tlog\cl.command.1.tlog
c:\users\airat\labs\3 sem\lab2\lab_a\x64\debug\lab2_a.tlog\cl.read.1.tlog
c:\users\airat\labs\3 sem\lab2\lab_a\x64\debug\lab2_a.tlog\cl.write.1.tlog
c:\users\airat\labs\3 sem\lab2\lab_a\x64\debug\lab2_a.tlog\link.command.1.tlog
c:\users\airat\labs\3 sem\lab2\lab_a\x64\debug\lab2_a.tlog\link.read.1.tlog
c:\users\airat\labs\3 sem\lab2\lab_a\x64\debug\lab2_a.tlog\link.write.1.tlog
